This file contains any messages produced by compilers while
running configure, to aid debugging if configure makes a mistake.

It was created by Classic Invaders configure 1.0, which was
generated by GNU Autoconf 2.61.  Invocation command line was

  $ ./configure 

## --------- ##
## Platform. ##
## --------- ##

hostname = ubuntu
uname -m = x86_64
uname -r = 4.2.0-30-generic
uname -s = Linux
uname -v = #36~14.04.1-Ubuntu SMP Fri Feb 26 18:49:23 UTC 2016

/usr/bin/uname -p = unknown
/bin/uname -X     = unknown

/bin/arch              = unknown
/usr/bin/arch -k       = unknown
/usr/convex/getsysinfo = unknown
/usr/bin/hostinfo      = unknown
/bin/machine           = unknown
/usr/bin/oslevel       = unknown
/bin/universe          = unknown

PATH: /usr/local/sbin
PATH: /usr/local/bin
PATH: /usr/sbin
PATH: /usr/bin
PATH: /sbin
PATH: /bin
PATH: /usr/games
PATH: /usr/local/games


## ----------- ##
## Core tests. ##
## ----------- ##

configure:1819: checking for a BSD-compatible install
configure:1875: result: /usr/bin/install -c
configure:1886: checking whether build environment is sane
configure:1929: result: yes
configure:1957: checking for a thread-safe mkdir -p
configure:1996: result: /bin/mkdir -p
configure:2009: checking for gawk
configure:2039: result: no
configure:2009: checking for mawk
configure:2025: found /usr/bin/mawk
configure:2036: result: mawk
configure:2047: checking whether make sets $(MAKE)
configure:2068: result: yes
configure:2264: checking build system type
configure:2282: result: x86_64-unknown-linux-gnu
configure:2304: checking host system type
configure:2319: result: x86_64-unknown-linux-gnu
configure:2405: checking for g++
configure:2421: found /usr/bin/g++
configure:2432: result: g++
configure:2463: checking for C++ compiler version
configure:2470: g++ --version >&5
g++ (Ubuntu 4.8.4-2ubuntu1~14.04.1) 4.8.4
Copyright (C) 2013 Free Software Foundation, Inc.
This is free software; see the source for copying conditions.  There is NO
warranty; not even for MERCHANTABILITY or FITNESS FOR A PARTICULAR PURPOSE.

configure:2473: $? = 0
configure:2480: g++ -v >&5
Using built-in specs.
COLLECT_GCC=g++
COLLECT_LTO_WRAPPER=/usr/lib/gcc/x86_64-linux-gnu/4.8/lto-wrapper
Target: x86_64-linux-gnu
Configured with: ../src/configure -v --with-pkgversion='Ubuntu 4.8.4-2ubuntu1~14.04.1' --with-bugurl=file:///usr/share/doc/gcc-4.8/README.Bugs --enable-languages=c,c++,java,go,d,fortran,objc,obj-c++ --prefix=/usr --program-suffix=-4.8 --enable-shared --enable-linker-build-id --libexecdir=/usr/lib --without-included-gettext --enable-threads=posix --with-gxx-include-dir=/usr/include/c++/4.8 --libdir=/usr/lib --enable-nls --with-sysroot=/ --enable-clocale=gnu --enable-libstdcxx-debug --enable-libstdcxx-time=yes --enable-gnu-unique-object --disable-libmudflap --enable-plugin --with-system-zlib --disable-browser-plugin --enable-java-awt=gtk --enable-gtk-cairo --with-java-home=/usr/lib/jvm/java-1.5.0-gcj-4.8-amd64/jre --enable-java-home --with-jvm-root-dir=/usr/lib/jvm/java-1.5.0-gcj-4.8-amd64 --with-jvm-jar-dir=/usr/lib/jvm-exports/java-1.5.0-gcj-4.8-amd64 --with-arch-directory=amd64 --with-ecj-jar=/usr/share/java/eclipse-ecj.jar --enable-objc-gc --enable-multiarch --disable-werror --with-arch-32=i686 --with-abi=m64 --with-multilib-list=m32,m64,mx32 --with-tune=generic --enable-checking=release --build=x86_64-linux-gnu --host=x86_64-linux-gnu --target=x86_64-linux-gnu
Thread model: posix
gcc version 4.8.4 (Ubuntu 4.8.4-2ubuntu1~14.04.1) 
configure:2483: $? = 0
configure:2490: g++ -V >&5
g++: error: unrecognized command line option '-V'
g++: fatal error: no input files
compilation terminated.
configure:2493: $? = 4
configure:2516: checking for C++ compiler default output file name
configure:2543: g++    conftest.cpp  >&5
configure:2546: $? = 0
configure:2584: result: a.out
configure:2601: checking whether the C++ compiler works
configure:2611: ./a.out
configure:2614: $? = 0
configure:2631: result: yes
configure:2638: checking whether we are cross compiling
configure:2640: result: no
configure:2643: checking for suffix of executables
configure:2650: g++ -o conftest    conftest.cpp  >&5
configure:2653: $? = 0
configure:2677: result: 
configure:2683: checking for suffix of object files
configure:2709: g++ -c   conftest.cpp >&5
configure:2712: $? = 0
configure:2735: result: o
configure:2739: checking whether we are using the GNU C++ compiler
configure:2768: g++ -c   conftest.cpp >&5
configure:2774: $? = 0
configure:2791: result: yes
configure:2796: checking whether g++ accepts -g
configure:2826: g++ -c -g  conftest.cpp >&5
configure:2832: $? = 0
configure:2931: result: yes
configure:2965: checking for style of include used by make
configure:2993: result: GNU
configure:3018: checking dependency style of g++
configure:3109: result: gcc3
configure:3172: checking for gcc
configure:3188: found /usr/bin/gcc
configure:3199: result: gcc
configure:3437: checking for C compiler version
configure:3444: gcc --version >&5
gcc (Ubuntu 4.8.4-2ubuntu1~14.04.1) 4.8.4
Copyright (C) 2013 Free Software Foundation, Inc.
This is free software; see the source for copying conditions.  There is NO
warranty; not even for MERCHANTABILITY or FITNESS FOR A PARTICULAR PURPOSE.

configure:3447: $? = 0
configure:3454: gcc -v >&5
Using built-in specs.
COLLECT_GCC=gcc
COLLECT_LTO_WRAPPER=/usr/lib/gcc/x86_64-linux-gnu/4.8/lto-wrapper
Target: x86_64-linux-gnu
Configured with: ../src/configure -v --with-pkgversion='Ubuntu 4.8.4-2ubuntu1~14.04.1' --with-bugurl=file:///usr/share/doc/gcc-4.8/README.Bugs --enable-languages=c,c++,java,go,d,fortran,objc,obj-c++ --prefix=/usr --program-suffix=-4.8 --enable-shared --enable-linker-build-id --libexecdir=/usr/lib --without-included-gettext --enable-threads=posix --with-gxx-include-dir=/usr/include/c++/4.8 --libdir=/usr/lib --enable-nls --with-sysroot=/ --enable-clocale=gnu --enable-libstdcxx-debug --enable-libstdcxx-time=yes --enable-gnu-unique-object --disable-libmudflap --enable-plugin --with-system-zlib --disable-browser-plugin --enable-java-awt=gtk --enable-gtk-cairo --with-java-home=/usr/lib/jvm/java-1.5.0-gcj-4.8-amd64/jre --enable-java-home --with-jvm-root-dir=/usr/lib/jvm/java-1.5.0-gcj-4.8-amd64 --with-jvm-jar-dir=/usr/lib/jvm-exports/java-1.5.0-gcj-4.8-amd64 --with-arch-directory=amd64 --with-ecj-jar=/usr/share/java/eclipse-ecj.jar --enable-objc-gc --enable-multiarch --disable-werror --with-arch-32=i686 --with-abi=m64 --with-multilib-list=m32,m64,mx32 --with-tune=generic --enable-checking=release --build=x86_64-linux-gnu --host=x86_64-linux-gnu --target=x86_64-linux-gnu
Thread model: posix
gcc version 4.8.4 (Ubuntu 4.8.4-2ubuntu1~14.04.1) 
configure:3457: $? = 0
configure:3464: gcc -V >&5
gcc: error: unrecognized command line option '-V'
gcc: fatal error: no input files
compilation terminated.
configure:3467: $? = 4
configure:3470: checking whether we are using the GNU C compiler
configure:3499: gcc -c   conftest.c >&5
configure:3505: $? = 0
configure:3522: result: yes
configure:3527: checking whether gcc accepts -g
configure:3557: gcc -c -g  conftest.c >&5
configure:3563: $? = 0
configure:3662: result: yes
configure:3679: checking for gcc option to accept ISO C89
configure:3753: gcc  -c -g -O2  conftest.c >&5
configure:3759: $? = 0
configure:3782: result: none needed
configure:3802: checking dependency style of gcc
configure:3893: result: gcc3
configure:3966: checking for sdl-config
configure:3984: found /usr/bin/sdl-config
configure:3997: result: /usr/bin/sdl-config
configure:4007: checking for SDL - version >= 1.2.11
configure:4104: gcc -o conftest -g -O2 -I/usr/include/SDL -D_GNU_SOURCE=1 -D_REENTRANT   conftest.c  -L/usr/lib/x86_64-linux-gnu -lSDL >&5
configure:4107: $? = 0
configure:4113: ./conftest
configure:4116: $? = 0
configure:4137: result: yes
configure:4238: checking for IMG_Load in -lSDL_image
configure:4273: gcc -o conftest -g -O2  -I/usr/include/SDL -D_GNU_SOURCE=1 -D_REENTRANT  conftest.c -lSDL_image   -L/usr/lib/x86_64-linux-gnu -lSDL >&5
configure:4279: $? = 0
configure:4297: result: yes
configure:4320: checking for Mix_OpenAudio in -lSDL_mixer
configure:4355: gcc -o conftest -g -O2  -I/usr/include/SDL -D_GNU_SOURCE=1 -D_REENTRANT  conftest.c -lSDL_mixer  -lSDL_image  -L/usr/lib/x86_64-linux-gnu -lSDL >&5
configure:4361: $? = 0
configure:4379: result: yes
configure:4402: checking for TTF_Init in -lSDL_ttf
configure:4437: gcc -o conftest -g -O2  -I/usr/include/SDL -D_GNU_SOURCE=1 -D_REENTRANT  conftest.c -lSDL_ttf  -lSDL_mixer -lSDL_image  -L/usr/lib/x86_64-linux-gnu -lSDL >&5
configure:4443: $? = 0
configure:4461: result: yes
configure:4483: checking for grep that handles long lines and -e
configure:4557: result: /bin/grep
configure:4568: checking how to run the C preprocessor
configure:4608: gcc -E  -I/usr/include/SDL -D_GNU_SOURCE=1 -D_REENTRANT conftest.c
configure:4614: $? = 0
configure:4645: gcc -E  -I/usr/include/SDL -D_GNU_SOURCE=1 -D_REENTRANT conftest.c
conftest.c:14:28: fatal error: ac_nonexistent.h: No such file or directory
 #include <ac_nonexistent.h>
                            ^
compilation terminated.
configure:4651: $? = 1
configure: failed program was:
| /* confdefs.h.  */
| #define PACKAGE_NAME "Classic Invaders"
| #define PACKAGE_TARNAME "classic-invaders"
| #define PACKAGE_VERSION "1.0"
| #define PACKAGE_STRING "Classic Invaders 1.0"
| #define PACKAGE_BUGREPORT "todd@noquarterarcade.com"
| #define PACKAGE "classic-invaders"
| #define VERSION "1.0"
| #define AUTOTOOLS_INSTALL 1
| #define HAVE_LIBSDL_IMAGE 1
| #define HAVE_LIBSDL_MIXER 1
| #define HAVE_LIBSDL_TTF 1
| /* end confdefs.h.  */
| #include <ac_nonexistent.h>
configure:4684: result: gcc -E
configure:4713: gcc -E  -I/usr/include/SDL -D_GNU_SOURCE=1 -D_REENTRANT conftest.c
configure:4719: $? = 0
configure:4750: gcc -E  -I/usr/include/SDL -D_GNU_SOURCE=1 -D_REENTRANT conftest.c
conftest.c:14:28: fatal error: ac_nonexistent.h: No such file or directory
 #include <ac_nonexistent.h>
                            ^
compilation terminated.
configure:4756: $? = 1
configure: failed program was:
| /* confdefs.h.  */
| #define PACKAGE_NAME "Classic Invaders"
| #define PACKAGE_TARNAME "classic-invaders"
| #define PACKAGE_VERSION "1.0"
| #define PACKAGE_STRING "Classic Invaders 1.0"
| #define PACKAGE_BUGREPORT "todd@noquarterarcade.com"
| #define PACKAGE "classic-invaders"
| #define VERSION "1.0"
| #define AUTOTOOLS_INSTALL 1
| #define HAVE_LIBSDL_IMAGE 1
| #define HAVE_LIBSDL_MIXER 1
| #define HAVE_LIBSDL_TTF 1
| /* end confdefs.h.  */
| #include <ac_nonexistent.h>
configure:4794: checking for a sed that does not truncate output
configure:4873: result: /bin/sed
configure: this is boost.m4 serial 12
configure:4906: checking for Boost headers version >= 0
configure:4987: g++ -c -g -O2  -I/usr/include/SDL -D_GNU_SOURCE=1 -D_REENTRANT conftest.cpp >&5
configure:4993: $? = 0
configure:5022: result: yes
configure:5046: checking for Boost's header version
configure:5069: result: 1_54
configure:5088: checking how to run the C++ preprocessor
configure:5124: g++ -E  -I/usr/include/SDL -D_GNU_SOURCE=1 -D_REENTRANT conftest.cpp
configure:5130: $? = 0
configure:5161: g++ -E  -I/usr/include/SDL -D_GNU_SOURCE=1 -D_REENTRANT conftest.cpp
conftest.cpp:15:28: fatal error: ac_nonexistent.h: No such file or directory
 #include <ac_nonexistent.h>
                            ^
compilation terminated.
configure:5167: $? = 1
configure: failed program was:
| /* confdefs.h.  */
| #define PACKAGE_NAME "Classic Invaders"
| #define PACKAGE_TARNAME "classic-invaders"
| #define PACKAGE_VERSION "1.0"
| #define PACKAGE_STRING "Classic Invaders 1.0"
| #define PACKAGE_BUGREPORT "todd@noquarterarcade.com"
| #define PACKAGE "classic-invaders"
| #define VERSION "1.0"
| #define AUTOTOOLS_INSTALL 1
| #define HAVE_LIBSDL_IMAGE 1
| #define HAVE_LIBSDL_MIXER 1
| #define HAVE_LIBSDL_TTF 1
| #define HAVE_BOOST 1
| /* end confdefs.h.  */
| #include <ac_nonexistent.h>
configure:5200: result: g++ -E
configure:5229: g++ -E  -I/usr/include/SDL -D_GNU_SOURCE=1 -D_REENTRANT conftest.cpp
configure:5235: $? = 0
configure:5266: g++ -E  -I/usr/include/SDL -D_GNU_SOURCE=1 -D_REENTRANT conftest.cpp
conftest.cpp:15:28: fatal error: ac_nonexistent.h: No such file or directory
 #include <ac_nonexistent.h>
                            ^
compilation terminated.
configure:5272: $? = 1
configure: failed program was:
| /* confdefs.h.  */
| #define PACKAGE_NAME "Classic Invaders"
| #define PACKAGE_TARNAME "classic-invaders"
| #define PACKAGE_VERSION "1.0"
| #define PACKAGE_STRING "Classic Invaders 1.0"
| #define PACKAGE_BUGREPORT "todd@noquarterarcade.com"
| #define PACKAGE "classic-invaders"
| #define VERSION "1.0"
| #define AUTOTOOLS_INSTALL 1
| #define HAVE_LIBSDL_IMAGE 1
| #define HAVE_LIBSDL_MIXER 1
| #define HAVE_LIBSDL_TTF 1
| #define HAVE_BOOST 1
| /* end confdefs.h.  */
| #include <ac_nonexistent.h>
configure:5310: checking for egrep
configure:5388: result: /bin/grep -E
configure:5393: checking for ANSI C header files
configure:5423: g++ -c -g -O2  -I/usr/include/SDL -D_GNU_SOURCE=1 -D_REENTRANT conftest.cpp >&5
configure:5429: $? = 0
configure:5528: g++ -o conftest -g -O2  -I/usr/include/SDL -D_GNU_SOURCE=1 -D_REENTRANT  conftest.cpp -lSDL_ttf -lSDL_mixer -lSDL_image  -L/usr/lib/x86_64-linux-gnu -lSDL >&5
configure:5531: $? = 0
configure:5537: ./conftest
configure:5540: $? = 0
configure:5557: result: yes
configure:5581: checking for sys/types.h
configure:5602: g++ -c -g -O2  -I/usr/include/SDL -D_GNU_SOURCE=1 -D_REENTRANT conftest.cpp >&5
configure:5608: $? = 0
configure:5624: result: yes
configure:5581: checking for sys/stat.h
configure:5602: g++ -c -g -O2  -I/usr/include/SDL -D_GNU_SOURCE=1 -D_REENTRANT conftest.cpp >&5
configure:5608: $? = 0
configure:5624: result: yes
configure:5581: checking for stdlib.h
configure:5602: g++ -c -g -O2  -I/usr/include/SDL -D_GNU_SOURCE=1 -D_REENTRANT conftest.cpp >&5
configure:5608: $? = 0
configure:5624: result: yes
configure:5581: checking for string.h
configure:5602: g++ -c -g -O2  -I/usr/include/SDL -D_GNU_SOURCE=1 -D_REENTRANT conftest.cpp >&5
configure:5608: $? = 0
configure:5624: result: yes
configure:5581: checking for memory.h
configure:5602: g++ -c -g -O2  -I/usr/include/SDL -D_GNU_SOURCE=1 -D_REENTRANT conftest.cpp >&5
configure:5608: $? = 0
configure:5624: result: yes
configure:5581: checking for strings.h
configure:5602: g++ -c -g -O2  -I/usr/include/SDL -D_GNU_SOURCE=1 -D_REENTRANT conftest.cpp >&5
configure:5608: $? = 0
configure:5624: result: yes
configure:5581: checking for inttypes.h
configure:5602: g++ -c -g -O2  -I/usr/include/SDL -D_GNU_SOURCE=1 -D_REENTRANT conftest.cpp >&5
configure:5608: $? = 0
configure:5624: result: yes
configure:5581: checking for stdint.h
configure:5602: g++ -c -g -O2  -I/usr/include/SDL -D_GNU_SOURCE=1 -D_REENTRANT conftest.cpp >&5
configure:5608: $? = 0
configure:5624: result: yes
configure:5581: checking for unistd.h
configure:5602: g++ -c -g -O2  -I/usr/include/SDL -D_GNU_SOURCE=1 -D_REENTRANT conftest.cpp >&5
configure:5608: $? = 0
configure:5624: result: yes
configure:5657: checking boost/scoped_ptr.hpp usability
configure:5674: g++ -c -g -O2  -I/usr/include/SDL -D_GNU_SOURCE=1 -D_REENTRANT  conftest.cpp >&5
configure:5680: $? = 0
configure:5694: result: yes
configure:5698: checking boost/scoped_ptr.hpp presence
configure:5713: g++ -E  -I/usr/include/SDL -D_GNU_SOURCE=1 -D_REENTRANT  conftest.cpp
configure:5719: $? = 0
configure:5733: result: yes
configure:5766: checking for boost/scoped_ptr.hpp
configure:5773: result: yes
configure:5819: checking boost/shared_ptr.hpp usability
configure:5836: g++ -c -g -O2  -I/usr/include/SDL -D_GNU_SOURCE=1 -D_REENTRANT  conftest.cpp >&5
configure:5842: $? = 0
configure:5856: result: yes
configure:5860: checking boost/shared_ptr.hpp presence
configure:5875: g++ -E  -I/usr/include/SDL -D_GNU_SOURCE=1 -D_REENTRANT  conftest.cpp
configure:5881: $? = 0
configure:5895: result: yes
configure:5928: checking for boost/shared_ptr.hpp
configure:5935: result: yes
configure:5982: checking boost/assign/list_of.hpp usability
configure:5999: g++ -c -g -O2  -I/usr/include/SDL -D_GNU_SOURCE=1 -D_REENTRANT  conftest.cpp >&5
configure:6005: $? = 0
configure:6019: result: yes
configure:6023: checking boost/assign/list_of.hpp presence
configure:6038: g++ -E  -I/usr/include/SDL -D_GNU_SOURCE=1 -D_REENTRANT  conftest.cpp
configure:6044: $? = 0
configure:6058: result: yes
configure:6091: checking for boost/assign/list_of.hpp
configure:6098: result: yes
configure:6145: checking boost/random.hpp usability
configure:6162: g++ -c -g -O2  -I/usr/include/SDL -D_GNU_SOURCE=1 -D_REENTRANT  conftest.cpp >&5
configure:6168: $? = 0
configure:6182: result: yes
configure:6186: checking boost/random.hpp presence
configure:6201: g++ -E  -I/usr/include/SDL -D_GNU_SOURCE=1 -D_REENTRANT  conftest.cpp
configure:6207: $? = 0
configure:6221: result: yes
configure:6254: checking for boost/random.hpp
configure:6261: result: yes
configure:6290: checking for stdbool.h that conforms to C99
configure:6383: gcc -c -g -O2  -I/usr/include/SDL -D_GNU_SOURCE=1 -D_REENTRANT conftest.c >&5
configure:6389: $? = 0
configure:6404: result: yes
configure:6406: checking for _Bool
configure:6436: gcc -c -g -O2  -I/usr/include/SDL -D_GNU_SOURCE=1 -D_REENTRANT conftest.c >&5
configure:6442: $? = 0
configure:6457: result: yes
configure:6476: checking for an ANSI C-conforming const
configure:6551: gcc -c -g -O2  -I/usr/include/SDL -D_GNU_SOURCE=1 -D_REENTRANT conftest.c >&5
configure:6557: $? = 0
configure:6572: result: yes
configure:6582: checking for inline
configure:6608: gcc -c -g -O2  -I/usr/include/SDL -D_GNU_SOURCE=1 -D_REENTRANT conftest.c >&5
configure:6614: $? = 0
configure:6632: result: inline
configure:6814: creating ./config.status

## ---------------------- ##
## Running config.status. ##
## ---------------------- ##

This file was extended by Classic Invaders config.status 1.0, which was
generated by GNU Autoconf 2.61.  Invocation command line was

  CONFIG_FILES    = 
  CONFIG_HEADERS  = 
  CONFIG_LINKS    = 
  CONFIG_COMMANDS = 
  $ ./config.status 

on ubuntu

config.status:647: creating Makefile
config.status:647: creating src/Makefile
config.status:838: executing depfiles commands

## ---------------- ##
## Cache variables. ##
## ---------------- ##

ac_cv_build=x86_64-unknown-linux-gnu
ac_cv_c_compiler_gnu=yes
ac_cv_c_const=yes
ac_cv_c_inline=inline
ac_cv_cxx_compiler_gnu=yes
ac_cv_env_BOOST_ROOT_set=
ac_cv_env_BOOST_ROOT_value=
ac_cv_env_CCC_set=
ac_cv_env_CCC_value=
ac_cv_env_CC_set=
ac_cv_env_CC_value=
ac_cv_env_CFLAGS_set=
ac_cv_env_CFLAGS_value=
ac_cv_env_CPPFLAGS_set=
ac_cv_env_CPPFLAGS_value=
ac_cv_env_CPP_set=
ac_cv_env_CPP_value=
ac_cv_env_CXXCPP_set=
ac_cv_env_CXXCPP_value=
ac_cv_env_CXXFLAGS_set=
ac_cv_env_CXXFLAGS_value=
ac_cv_env_CXX_set=
ac_cv_env_CXX_value=
ac_cv_env_LDFLAGS_set=
ac_cv_env_LDFLAGS_value=
ac_cv_env_LIBS_set=
ac_cv_env_LIBS_value=
ac_cv_env_build_alias_set=
ac_cv_env_build_alias_value=
ac_cv_env_host_alias_set=
ac_cv_env_host_alias_value=
ac_cv_env_target_alias_set=
ac_cv_env_target_alias_value=
ac_cv_header_boost_assign_list_of_hpp=yes
ac_cv_header_boost_random_hpp=yes
ac_cv_header_boost_scoped_ptr_hpp=yes
ac_cv_header_boost_shared_ptr_hpp=yes
ac_cv_header_inttypes_h=yes
ac_cv_header_memory_h=yes
ac_cv_header_stdbool_h=yes
ac_cv_header_stdc=yes
ac_cv_header_stdint_h=yes
ac_cv_header_stdlib_h=yes
ac_cv_header_string_h=yes
ac_cv_header_strings_h=yes
ac_cv_header_sys_stat_h=yes
ac_cv_header_sys_types_h=yes
ac_cv_header_unistd_h=yes
ac_cv_host=x86_64-unknown-linux-gnu
ac_cv_lib_SDL_image_IMG_Load=yes
ac_cv_lib_SDL_mixer_Mix_OpenAudio=yes
ac_cv_lib_SDL_ttf_TTF_Init=yes
ac_cv_objext=o
ac_cv_path_EGREP='/bin/grep -E'
ac_cv_path_GREP=/bin/grep
ac_cv_path_SDL_CONFIG=/usr/bin/sdl-config
ac_cv_path_SED=/bin/sed
ac_cv_path_install='/usr/bin/install -c'
ac_cv_path_mkdir=/bin/mkdir
ac_cv_prog_AWK=mawk
ac_cv_prog_CPP='gcc -E'
ac_cv_prog_CXXCPP='g++ -E'
ac_cv_prog_ac_ct_CC=gcc
ac_cv_prog_ac_ct_CXX=g++
ac_cv_prog_cc_c89=
ac_cv_prog_cc_g=yes
ac_cv_prog_cxx_g=yes
ac_cv_prog_make_make_set=yes
ac_cv_type__Bool=yes
am_cv_CC_dependencies_compiler_type=gcc3
am_cv_CXX_dependencies_compiler_type=gcc3
boost_cv_inc_path=yes
boost_cv_lib_version=1_54

## ----------------- ##
## Output variables. ##
## ----------------- ##

ACLOCAL='${SHELL} /home/justiceforall/Dev/invaders/classic-invaders-1.0/missing --run aclocal-1.10'
AMDEPBACKSLASH='\'
AMDEP_FALSE='#'
AMDEP_TRUE=''
AMTAR='${SHELL} /home/justiceforall/Dev/invaders/classic-invaders-1.0/missing --run tar'
AUTOCONF='${SHELL} /home/justiceforall/Dev/invaders/classic-invaders-1.0/missing --run autoconf'
AUTOHEADER='${SHELL} /home/justiceforall/Dev/invaders/classic-invaders-1.0/missing --run autoheader'
AUTOMAKE='${SHELL} /home/justiceforall/Dev/invaders/classic-invaders-1.0/missing --run automake-1.10'
AWK='mawk'
BOOST_CPPFLAGS=''
BOOST_ROOT=''
CC='gcc'
CCDEPMODE='depmode=gcc3'
CFLAGS='-g -O2'
CPP='gcc -E'
CPPFLAGS=' -I/usr/include/SDL -D_GNU_SOURCE=1 -D_REENTRANT'
CXX='g++'
CXXCPP='g++ -E'
CXXDEPMODE='depmode=gcc3'
CXXFLAGS='-g -O2'
CYGPATH_W='echo'
CYGWIN_FALSE=''
CYGWIN_TRUE='#'
DEFS='-DPACKAGE_NAME=\"Classic\ Invaders\" -DPACKAGE_TARNAME=\"classic-invaders\" -DPACKAGE_VERSION=\"1.0\" -DPACKAGE_STRING=\"Classic\ Invaders\ 1.0\" -DPACKAGE_BUGREPORT=\"todd@noquarterarcade.com\" -DPACKAGE=\"classic-invaders\" -DVERSION=\"1.0\" -DAUTOTOOLS_INSTALL=1 -DHAVE_LIBSDL_IMAGE=1 -DHAVE_LIBSDL_MIXER=1 -DHAVE_LIBSDL_TTF=1 -DHAVE_BOOST=1 -DSTDC_HEADERS=1 -DHAVE_SYS_TYPES_H=1 -DHAVE_SYS_STAT_H=1 -DHAVE_STDLIB_H=1 -DHAVE_STRING_H=1 -DHAVE_MEMORY_H=1 -DHAVE_STRINGS_H=1 -DHAVE_INTTYPES_H=1 -DHAVE_STDINT_H=1 -DHAVE_UNISTD_H=1 -DHAVE_BOOST_SCOPED_PTR_HPP=1 -DHAVE_BOOST_SHARED_PTR_HPP=1 -DHAVE_BOOST_ASSIGN_LIST_OF_HPP=1 -DHAVE_BOOST_RANDOM_HPP=1 -DHAVE__BOOL=1 -DHAVE_STDBOOL_H=1'
DEPDIR='.deps'
DISTCHECK_CONFIGURE_FLAGS=' '\''--with-boost='\'''
ECHO_C=''
ECHO_N='-n'
ECHO_T=''
EGREP='/bin/grep -E'
EXEEXT=''
GREP='/bin/grep'
INSTALL_DATA='${INSTALL} -m 644'
INSTALL_PROGRAM='${INSTALL}'
INSTALL_SCRIPT='${INSTALL}'
INSTALL_STRIP_PROGRAM='$(install_sh) -c -s'
LDFLAGS=''
LIBOBJS=''
LIBS='-lSDL_ttf -lSDL_mixer -lSDL_image  -L/usr/lib/x86_64-linux-gnu -lSDL'
LTLIBOBJS=''
MAKEINFO='${SHELL} /home/justiceforall/Dev/invaders/classic-invaders-1.0/missing --run makeinfo'
OBJEXT='o'
PACKAGE='classic-invaders'
PACKAGE_BUGREPORT='todd@noquarterarcade.com'
PACKAGE_NAME='Classic Invaders'
PACKAGE_STRING='Classic Invaders 1.0'
PACKAGE_TARNAME='classic-invaders'
PACKAGE_VERSION='1.0'
PATH_SEPARATOR=':'
SDL_CFLAGS='-I/usr/include/SDL -D_GNU_SOURCE=1 -D_REENTRANT'
SDL_CONFIG='/usr/bin/sdl-config'
SDL_LIBS='-L/usr/lib/x86_64-linux-gnu -lSDL'
SDL_VERSION='1.2.11'
SED='/bin/sed'
SET_MAKE=''
SHELL='/bin/bash'
STRIP=''
VERSION='1.0'
ac_ct_CC='gcc'
ac_ct_CXX='g++'
am__fastdepCC_FALSE='#'
am__fastdepCC_TRUE=''
am__fastdepCXX_FALSE='#'
am__fastdepCXX_TRUE=''
am__include='include'
am__isrc=''
am__leading_dot='.'
am__quote=''
am__tar='${AMTAR} chof - "$$tardir"'
am__untar='${AMTAR} xf -'
bindir='${exec_prefix}/bin'
build='x86_64-unknown-linux-gnu'
build_alias=''
build_cpu='x86_64'
build_os='linux-gnu'
build_vendor='unknown'
datadir='${datarootdir}'
datarootdir='${prefix}/share'
docdir='${datarootdir}/doc/${PACKAGE_TARNAME}'
dvidir='${docdir}'
exec_prefix='${prefix}'
host='x86_64-unknown-linux-gnu'
host_alias=''
host_cpu='x86_64'
host_os='linux-gnu'
host_vendor='unknown'
htmldir='${docdir}'
includedir='${prefix}/include'
infodir='${datarootdir}/info'
install_sh='$(SHELL) /home/justiceforall/Dev/invaders/classic-invaders-1.0/install-sh'
libdir='${exec_prefix}/lib'
libexecdir='${exec_prefix}/libexec'
localedir='${datarootdir}/locale'
localstatedir='${prefix}/var'
mandir='${datarootdir}/man'
mkdir_p='/bin/mkdir -p'
oldincludedir='/usr/include'
pdfdir='${docdir}'
prefix='/usr/local'
program_transform_name='s,x,x,'
psdir='${docdir}'
sbindir='${exec_prefix}/sbin'
sharedstatedir='${prefix}/com'
sysconfdir='${prefix}/etc'
target_alias=''

## ----------- ##
## confdefs.h. ##
## ----------- ##

#define PACKAGE_NAME "Classic Invaders"
#define PACKAGE_TARNAME "classic-invaders"
#define PACKAGE_VERSION "1.0"
#define PACKAGE_STRING "Classic Invaders 1.0"
#define PACKAGE_BUGREPORT "todd@noquarterarcade.com"
#define PACKAGE "classic-invaders"
#define VERSION "1.0"
#define AUTOTOOLS_INSTALL 1
#define HAVE_LIBSDL_IMAGE 1
#define HAVE_LIBSDL_MIXER 1
#define HAVE_LIBSDL_TTF 1
#define HAVE_BOOST 1
#define STDC_HEADERS 1
#define HAVE_SYS_TYPES_H 1
#define HAVE_SYS_STAT_H 1
#define HAVE_STDLIB_H 1
#define HAVE_STRING_H 1
#define HAVE_MEMORY_H 1
#define HAVE_STRINGS_H 1
#define HAVE_INTTYPES_H 1
#define HAVE_STDINT_H 1
#define HAVE_UNISTD_H 1
#define HAVE_BOOST_SCOPED_PTR_HPP 1
#define HAVE_BOOST_SHARED_PTR_HPP 1
#define HAVE_BOOST_ASSIGN_LIST_OF_HPP 1
#define HAVE_BOOST_RANDOM_HPP 1
#define HAVE__BOOL 1
#define HAVE_STDBOOL_H 1

configure: exit 0
